Performing C SOURCE FILE Test CMAKE_HAVE_LIBC_PTHREAD failed with the following output:
Change Dir: /home/gitfork/grpc/build/CMakeFiles/CMakeTmp

Run Build Command(s):/usr/bin/gmake cmTC_08c58/fast && /usr/bin/gmake -f CMakeFiles/cmTC_08c58.dir/build.make CMakeFiles/cmTC_08c58.dir/build
gmake[1]: Entering directory `/home/gitfork/grpc/build/CMakeFiles/CMakeTmp'
Building C object CMakeFiles/cmTC_08c58.dir/src.c.o
/usr/bin/cc   -DCMAKE_HAVE_LIBC_PTHREAD -fPIE   -o CMakeFiles/cmTC_08c58.dir/src.c.o   -c /home/gitfork/grpc/build/CMakeFiles/CMakeTmp/src.c
Linking C executable cmTC_08c58
/usr/local/cmake3_15/bin/cmake -E cmake_link_script CMakeFiles/cmTC_08c58.dir/link.txt --verbose=1
/usr/bin/cc   -DCMAKE_HAVE_LIBC_PTHREAD    CMakeFiles/cmTC_08c58.dir/src.c.o  -o cmTC_08c58 
CMakeFiles/cmTC_08c58.dir/src.c.o: In function `main':
src.c:(.text+0x2f): undefined reference to `pthread_create'
src.c:(.text+0x3b): undefined reference to `pthread_detach'
src.c:(.text+0x4c): undefined reference to `pthread_join'
src.c:(.text+0x60): undefined reference to `pthread_atfork'
collect2: error: ld returned 1 exit status
gmake[1]: *** [cmTC_08c58] Error 1
gmake[1]: Leaving directory `/home/gitfork/grpc/build/CMakeFiles/CMakeTmp'
gmake: *** [cmTC_08c58/fast] Error 2


Source file was:
#include <pthread.h>

void* test_func(void* data)
{
  return data;
}

int main(void)
{
  pthread_t thread;
  pthread_create(&thread, NULL, test_func, NULL);
  pthread_detach(thread);
  pthread_join(thread, NULL);
  pthread_atfork(NULL, NULL, NULL);
  pthread_exit(NULL);

  return 0;
}

Determining if the function pthread_create exists in the pthreads failed with the following output:
Change Dir: /home/gitfork/grpc/build/CMakeFiles/CMakeTmp

Run Build Command(s):/usr/bin/gmake cmTC_11cb7/fast && /usr/bin/gmake -f CMakeFiles/cmTC_11cb7.dir/build.make CMakeFiles/cmTC_11cb7.dir/build
gmake[1]: Entering directory `/home/gitfork/grpc/build/CMakeFiles/CMakeTmp'
Building C object CMakeFiles/cmTC_11cb7.dir/CheckFunctionExists.c.o
/usr/bin/cc   -DCHECK_FUNCTION_EXISTS=pthread_create -fPIE   -o CMakeFiles/cmTC_11cb7.dir/CheckFunctionExists.c.o   -c /usr/local/cmake3_15/share/cmake-3.15/Modules/CheckFunctionExists.c
Linking C executable cmTC_11cb7
/usr/local/cmake3_15/bin/cmake -E cmake_link_script CMakeFiles/cmTC_11cb7.dir/link.txt --verbose=1
/usr/bin/cc   -DCHECK_FUNCTION_EXISTS=pthread_create    CMakeFiles/cmTC_11cb7.dir/CheckFunctionExists.c.o  -o cmTC_11cb7 -lpthreads 
/usr/bin/ld: cannot find -lpthreads
collect2: error: ld returned 1 exit status
gmake[1]: *** [cmTC_11cb7] Error 1
gmake[1]: Leaving directory `/home/gitfork/grpc/build/CMakeFiles/CMakeTmp'
gmake: *** [cmTC_11cb7/fast] Error 2



Determining if the function res_servicename exists in the resolv failed with the following output:
Change Dir: /home/gitfork/grpc/build/CMakeFiles/CMakeTmp

Run Build Command(s):/usr/bin/gmake cmTC_0e4e0/fast && /usr/bin/gmake -f CMakeFiles/cmTC_0e4e0.dir/build.make CMakeFiles/cmTC_0e4e0.dir/build
gmake[1]: Entering directory `/home/gitfork/grpc/build/CMakeFiles/CMakeTmp'
Building C object CMakeFiles/cmTC_0e4e0.dir/CheckFunctionExists.c.o
/usr/bin/cc   -DCHECK_FUNCTION_EXISTS=res_servicename -fPIE   -o CMakeFiles/cmTC_0e4e0.dir/CheckFunctionExists.c.o   -c /usr/local/cmake3_15/share/cmake-3.15/Modules/CheckFunctionExists.c
Linking C executable cmTC_0e4e0
/usr/local/cmake3_15/bin/cmake -E cmake_link_script CMakeFiles/cmTC_0e4e0.dir/link.txt --verbose=1
/usr/bin/cc   -DCHECK_FUNCTION_EXISTS=res_servicename    CMakeFiles/cmTC_0e4e0.dir/CheckFunctionExists.c.o  -o cmTC_0e4e0 -lresolv 
CMakeFiles/cmTC_0e4e0.dir/CheckFunctionExists.c.o: In function `main':
CheckFunctionExists.c:(.text+0x10): undefined reference to `res_servicename'
collect2: error: ld returned 1 exit status
gmake[1]: *** [cmTC_0e4e0] Error 1
gmake[1]: Leaving directory `/home/gitfork/grpc/build/CMakeFiles/CMakeTmp'
gmake: *** [cmTC_0e4e0/fast] Error 2



Determining if the function gethostbyname exists in the socket failed with the following output:
Change Dir: /home/gitfork/grpc/build/CMakeFiles/CMakeTmp

Run Build Command(s):/usr/bin/gmake cmTC_3bde6/fast && /usr/bin/gmake -f CMakeFiles/cmTC_3bde6.dir/build.make CMakeFiles/cmTC_3bde6.dir/build
gmake[1]: Entering directory `/home/gitfork/grpc/build/CMakeFiles/CMakeTmp'
Building C object CMakeFiles/cmTC_3bde6.dir/CheckFunctionExists.c.o
/usr/bin/cc   -DCHECK_FUNCTION_EXISTS=gethostbyname -fPIE   -o CMakeFiles/cmTC_3bde6.dir/CheckFunctionExists.c.o   -c /usr/local/cmake3_15/share/cmake-3.15/Modules/CheckFunctionExists.c
Linking C executable cmTC_3bde6
/usr/local/cmake3_15/bin/cmake -E cmake_link_script CMakeFiles/cmTC_3bde6.dir/link.txt --verbose=1
/usr/bin/cc   -DCHECK_FUNCTION_EXISTS=gethostbyname    CMakeFiles/cmTC_3bde6.dir/CheckFunctionExists.c.o  -o cmTC_3bde6 -lsocket 
/usr/bin/ld: cannot find -lsocket
collect2: error: ld returned 1 exit status
gmake[1]: *** [cmTC_3bde6] Error 1
gmake[1]: Leaving directory `/home/gitfork/grpc/build/CMakeFiles/CMakeTmp'
gmake: *** [cmTC_3bde6/fast] Error 2



Determining if the function socket exists in the socket failed with the following output:
Change Dir: /home/gitfork/grpc/build/CMakeFiles/CMakeTmp

Run Build Command(s):/usr/bin/gmake cmTC_f571e/fast && /usr/bin/gmake -f CMakeFiles/cmTC_f571e.dir/build.make CMakeFiles/cmTC_f571e.dir/build
gmake[1]: Entering directory `/home/gitfork/grpc/build/CMakeFiles/CMakeTmp'
Building C object CMakeFiles/cmTC_f571e.dir/CheckFunctionExists.c.o
/usr/bin/cc   -DCHECK_FUNCTION_EXISTS=socket -fPIE   -o CMakeFiles/cmTC_f571e.dir/CheckFunctionExists.c.o   -c /usr/local/cmake3_15/share/cmake-3.15/Modules/CheckFunctionExists.c
Linking C executable cmTC_f571e
/usr/local/cmake3_15/bin/cmake -E cmake_link_script CMakeFiles/cmTC_f571e.dir/link.txt --verbose=1
/usr/bin/cc   -DCHECK_FUNCTION_EXISTS=socket    CMakeFiles/cmTC_f571e.dir/CheckFunctionExists.c.o  -o cmTC_f571e -lsocket 
/usr/bin/ld: cannot find -lsocket
collect2: error: ld returned 1 exit status
gmake[1]: *** [cmTC_f571e] Error 1
gmake[1]: Leaving directory `/home/gitfork/grpc/build/CMakeFiles/CMakeTmp'
gmake: *** [cmTC_f571e/fast] Error 2



Determining if files socket.h exist failed with the following output:
Change Dir: /home/gitfork/grpc/build/CMakeFiles/CMakeTmp

Run Build Command(s):/usr/bin/gmake cmTC_d90f0/fast && /usr/bin/gmake -f CMakeFiles/cmTC_d90f0.dir/build.make CMakeFiles/cmTC_d90f0.dir/build
gmake[1]: Entering directory `/home/gitfork/grpc/build/CMakeFiles/CMakeTmp'
Building C object CMakeFiles/cmTC_d90f0.dir/HAVE_SOCKET_H.c.o
/usr/bin/cc   -fPIE   -o CMakeFiles/cmTC_d90f0.dir/HAVE_SOCKET_H.c.o   -c /home/gitfork/grpc/build/CMakeFiles/CheckIncludeFiles/HAVE_SOCKET_H.c
/home/gitfork/grpc/build/CMakeFiles/CheckIncludeFiles/HAVE_SOCKET_H.c:2:20: fatal error: socket.h: No such file or directory
 #include <socket.h>
                    ^
compilation terminated.
gmake[1]: *** [CMakeFiles/cmTC_d90f0.dir/HAVE_SOCKET_H.c.o] Error 1
gmake[1]: Leaving directory `/home/gitfork/grpc/build/CMakeFiles/CMakeTmp'
gmake: *** [cmTC_d90f0/fast] Error 2


Source:
/* */
#include <socket.h>


int main(void){return 0;}

Determining if files stropts.h exist failed with the following output:
Change Dir: /home/gitfork/grpc/build/CMakeFiles/CMakeTmp

Run Build Command(s):/usr/bin/gmake cmTC_f4d17/fast && /usr/bin/gmake -f CMakeFiles/cmTC_f4d17.dir/build.make CMakeFiles/cmTC_f4d17.dir/build
gmake[1]: Entering directory `/home/gitfork/grpc/build/CMakeFiles/CMakeTmp'
Building C object CMakeFiles/cmTC_f4d17.dir/HAVE_STROPTS_H.c.o
/usr/bin/cc   -fPIE   -o CMakeFiles/cmTC_f4d17.dir/HAVE_STROPTS_H.c.o   -c /home/gitfork/grpc/build/CMakeFiles/CheckIncludeFiles/HAVE_STROPTS_H.c
/home/gitfork/grpc/build/CMakeFiles/CheckIncludeFiles/HAVE_STROPTS_H.c:2:21: fatal error: stropts.h: No such file or directory
 #include <stropts.h>
                     ^
compilation terminated.
gmake[1]: *** [CMakeFiles/cmTC_f4d17.dir/HAVE_STROPTS_H.c.o] Error 1
gmake[1]: Leaving directory `/home/gitfork/grpc/build/CMakeFiles/CMakeTmp'
gmake: *** [cmTC_f4d17/fast] Error 2


Source:
/* */
#include <stropts.h>


int main(void){return 0;}

Determining if files winsock2.h;windows.h exist failed with the following output:
Change Dir: /home/gitfork/grpc/build/CMakeFiles/CMakeTmp

Run Build Command(s):/usr/bin/gmake cmTC_64f80/fast && /usr/bin/gmake -f CMakeFiles/cmTC_64f80.dir/build.make CMakeFiles/cmTC_64f80.dir/build
gmake[1]: Entering directory `/home/gitfork/grpc/build/CMakeFiles/CMakeTmp'
Building C object CMakeFiles/cmTC_64f80.dir/HAVE_WINSOCK2_H.c.o
/usr/bin/cc   -fPIE   -o CMakeFiles/cmTC_64f80.dir/HAVE_WINSOCK2_H.c.o   -c /home/gitfork/grpc/build/CMakeFiles/CheckIncludeFiles/HAVE_WINSOCK2_H.c
/home/gitfork/grpc/build/CMakeFiles/CheckIncludeFiles/HAVE_WINSOCK2_H.c:2:22: fatal error: winsock2.h: No such file or directory
 #include <winsock2.h>
                      ^
compilation terminated.
gmake[1]: *** [CMakeFiles/cmTC_64f80.dir/HAVE_WINSOCK2_H.c.o] Error 1
gmake[1]: Leaving directory `/home/gitfork/grpc/build/CMakeFiles/CMakeTmp'
gmake: *** [cmTC_64f80/fast] Error 2


Source:
/* */
#include <winsock2.h>
#include <windows.h>


int main(void){return 0;}

Determining if files winsock2.h;ws2tcpip.h;windows.h exist failed with the following output:
Change Dir: /home/gitfork/grpc/build/CMakeFiles/CMakeTmp

Run Build Command(s):/usr/bin/gmake cmTC_8f83a/fast && /usr/bin/gmake -f CMakeFiles/cmTC_8f83a.dir/build.make CMakeFiles/cmTC_8f83a.dir/build
gmake[1]: Entering directory `/home/gitfork/grpc/build/CMakeFiles/CMakeTmp'
Building C object CMakeFiles/cmTC_8f83a.dir/HAVE_WS2TCPIP_H.c.o
/usr/bin/cc   -fPIE   -o CMakeFiles/cmTC_8f83a.dir/HAVE_WS2TCPIP_H.c.o   -c /home/gitfork/grpc/build/CMakeFiles/CheckIncludeFiles/HAVE_WS2TCPIP_H.c
/home/gitfork/grpc/build/CMakeFiles/CheckIncludeFiles/HAVE_WS2TCPIP_H.c:2:22: fatal error: winsock2.h: No such file or directory
 #include <winsock2.h>
                      ^
compilation terminated.
gmake[1]: *** [CMakeFiles/cmTC_8f83a.dir/HAVE_WS2TCPIP_H.c.o] Error 1
gmake[1]: Leaving directory `/home/gitfork/grpc/build/CMakeFiles/CMakeTmp'
gmake: *** [cmTC_8f83a/fast] Error 2


Source:
/* */
#include <winsock2.h>
#include <ws2tcpip.h>
#include <windows.h>


int main(void){return 0;}

Determining if files winsock.h;windows.h exist failed with the following output:
Change Dir: /home/gitfork/grpc/build/CMakeFiles/CMakeTmp

Run Build Command(s):/usr/bin/gmake cmTC_2a608/fast && /usr/bin/gmake -f CMakeFiles/cmTC_2a608.dir/build.make CMakeFiles/cmTC_2a608.dir/build
gmake[1]: Entering directory `/home/gitfork/grpc/build/CMakeFiles/CMakeTmp'
Building C object CMakeFiles/cmTC_2a608.dir/HAVE_WINSOCK_H.c.o
/usr/bin/cc   -fPIE   -o CMakeFiles/cmTC_2a608.dir/HAVE_WINSOCK_H.c.o   -c /home/gitfork/grpc/build/CMakeFiles/CheckIncludeFiles/HAVE_WINSOCK_H.c
/home/gitfork/grpc/build/CMakeFiles/CheckIncludeFiles/HAVE_WINSOCK_H.c:2:21: fatal error: winsock.h: No such file or directory
 #include <winsock.h>
                     ^
compilation terminated.
gmake[1]: *** [CMakeFiles/cmTC_2a608.dir/HAVE_WINSOCK_H.c.o] Error 1
gmake[1]: Leaving directory `/home/gitfork/grpc/build/CMakeFiles/CMakeTmp'
gmake: *** [cmTC_2a608/fast] Error 2


Source:
/* */
#include <winsock.h>
#include <windows.h>


int main(void){return 0;}

Determining if files windows.h exist failed with the following output:
Change Dir: /home/gitfork/grpc/build/CMakeFiles/CMakeTmp

Run Build Command(s):/usr/bin/gmake cmTC_81d82/fast && /usr/bin/gmake -f CMakeFiles/cmTC_81d82.dir/build.make CMakeFiles/cmTC_81d82.dir/build
gmake[1]: Entering directory `/home/gitfork/grpc/build/CMakeFiles/CMakeTmp'
Building C object CMakeFiles/cmTC_81d82.dir/HAVE_WINDOWS_H.c.o
/usr/bin/cc   -fPIE   -o CMakeFiles/cmTC_81d82.dir/HAVE_WINDOWS_H.c.o   -c /home/gitfork/grpc/build/CMakeFiles/CheckIncludeFiles/HAVE_WINDOWS_H.c
/home/gitfork/grpc/build/CMakeFiles/CheckIncludeFiles/HAVE_WINDOWS_H.c:2:21: fatal error: windows.h: No such file or directory
 #include <windows.h>
                     ^
compilation terminated.
gmake[1]: *** [CMakeFiles/cmTC_81d82.dir/HAVE_WINDOWS_H.c.o] Error 1
gmake[1]: Leaving directory `/home/gitfork/grpc/build/CMakeFiles/CMakeTmp'
gmake: *** [cmTC_81d82/fast] Error 2


Source:
/* */
#include <windows.h>


int main(void){return 0;}

Performing C SOURCE FILE Test HAVE_TYPE_SOCKET failed with the following output:
Change Dir: /home/gitfork/grpc/build/CMakeFiles/CMakeTmp

Run Build Command(s):/usr/bin/gmake cmTC_ee994/fast && /usr/bin/gmake -f CMakeFiles/cmTC_ee994.dir/build.make CMakeFiles/cmTC_ee994.dir/build
gmake[1]: Entering directory `/home/gitfork/grpc/build/CMakeFiles/CMakeTmp'
Building C object CMakeFiles/cmTC_ee994.dir/src.c.o
/usr/bin/cc -D_GNU_SOURCE -D_POSIX_C_SOURCE=199309L -D_XOPEN_SOURCE=600  -DHAVE_TYPE_SOCKET -fPIE   -o CMakeFiles/cmTC_ee994.dir/src.c.o   -c /home/gitfork/grpc/build/CMakeFiles/CMakeTmp/src.c
/home/gitfork/grpc/build/CMakeFiles/CMakeTmp/src.c: In function ‘main’:
/home/gitfork/grpc/build/CMakeFiles/CMakeTmp/src.c:26:4: error: unknown type name ‘SOCKET’
    SOCKET var_exists;
    ^
gmake[1]: *** [CMakeFiles/cmTC_ee994.dir/src.c.o] Error 1
gmake[1]: Leaving directory `/home/gitfork/grpc/build/CMakeFiles/CMakeTmp'
gmake: *** [cmTC_ee994/fast] Error 2


Source file was:

		#include <stdio.h>
		#include <stdlib.h>
	
		#include <stdbool.h>
		#include <sys/types.h>
		#include <arpa/inet.h>
		#include <arpa/nameser.h>
		#include <netdb.h>
		#include <net/if.h>
		#include <netinet/in.h>
		#include <netinet/tcp.h>
		#include <signal.h>
		#include <stdlib.h>
		#include <string.h>
		#include <strings.h>
		#include <sys/ioctl.h>
		#include <sys/select.h>
		#include <sys/socket.h>
		#include <sys/time.h>
		#include <sys/uio.h>
		#include <time.h>
		#include <fcntl.h>
		#include <unistd.h>
		int main() {
			SOCKET var_exists;
			(void)var_exists;
			return 0;
		}
	
Determining if the SO_NONBLOCK exist failed with the following output:
Change Dir: /home/gitfork/grpc/build/CMakeFiles/CMakeTmp

Run Build Command(s):/usr/bin/gmake cmTC_0a67c/fast && /usr/bin/gmake -f CMakeFiles/cmTC_0a67c.dir/build.make CMakeFiles/cmTC_0a67c.dir/build
gmake[1]: Entering directory `/home/gitfork/grpc/build/CMakeFiles/CMakeTmp'
Building C object CMakeFiles/cmTC_0a67c.dir/CheckSymbolExists.c.o
/usr/bin/cc -D_GNU_SOURCE -D_POSIX_C_SOURCE=199309L -D_XOPEN_SOURCE=600  -fPIE   -o CMakeFiles/cmTC_0a67c.dir/CheckSymbolExists.c.o   -c /home/gitfork/grpc/build/CMakeFiles/CMakeTmp/CheckSymbolExists.c
/home/gitfork/grpc/build/CMakeFiles/CMakeTmp/CheckSymbolExists.c: In function ‘main’:
/home/gitfork/grpc/build/CMakeFiles/CMakeTmp/CheckSymbolExists.c:27:19: error: ‘SO_NONBLOCK’ undeclared (first use in this function)
   return ((int*)(&SO_NONBLOCK))[argc];
                   ^
/home/gitfork/grpc/build/CMakeFiles/CMakeTmp/CheckSymbolExists.c:27:19: note: each undeclared identifier is reported only once for each function it appears in
gmake[1]: *** [CMakeFiles/cmTC_0a67c.dir/CheckSymbolExists.c.o] Error 1
gmake[1]: Leaving directory `/home/gitfork/grpc/build/CMakeFiles/CMakeTmp'
gmake: *** [cmTC_0a67c/fast] Error 2


File /home/gitfork/grpc/build/CMakeFiles/CMakeTmp/CheckSymbolExists.c:
/* */
#include <stdbool.h>
#include <sys/types.h>
#include <arpa/inet.h>
#include <arpa/nameser.h>
#include <netdb.h>
#include <net/if.h>
#include <netinet/in.h>
#include <netinet/tcp.h>
#include <signal.h>
#include <stdlib.h>
#include <string.h>
#include <strings.h>
#include <sys/ioctl.h>
#include <sys/select.h>
#include <sys/socket.h>
#include <sys/time.h>
#include <sys/uio.h>
#include <time.h>
#include <fcntl.h>
#include <unistd.h>

int main(int argc, char** argv)
{
  (void)argv;
#ifndef SO_NONBLOCK
  return ((int*)(&SO_NONBLOCK))[argc];
#else
  (void)argc;
  return 0;
#endif
}

Determining if the bitncmp exist failed with the following output:
Change Dir: /home/gitfork/grpc/build/CMakeFiles/CMakeTmp

Run Build Command(s):/usr/bin/gmake cmTC_49dd8/fast && /usr/bin/gmake -f CMakeFiles/cmTC_49dd8.dir/build.make CMakeFiles/cmTC_49dd8.dir/build
gmake[1]: Entering directory `/home/gitfork/grpc/build/CMakeFiles/CMakeTmp'
Building C object CMakeFiles/cmTC_49dd8.dir/CheckSymbolExists.c.o
/usr/bin/cc -D_GNU_SOURCE -D_POSIX_C_SOURCE=199309L -D_XOPEN_SOURCE=600  -fPIE   -o CMakeFiles/cmTC_49dd8.dir/CheckSymbolExists.c.o   -c /home/gitfork/grpc/build/CMakeFiles/CMakeTmp/CheckSymbolExists.c
/home/gitfork/grpc/build/CMakeFiles/CMakeTmp/CheckSymbolExists.c: In function ‘main’:
/home/gitfork/grpc/build/CMakeFiles/CMakeTmp/CheckSymbolExists.c:27:19: error: ‘bitncmp’ undeclared (first use in this function)
   return ((int*)(&bitncmp))[argc];
                   ^
/home/gitfork/grpc/build/CMakeFiles/CMakeTmp/CheckSymbolExists.c:27:19: note: each undeclared identifier is reported only once for each function it appears in
gmake[1]: *** [CMakeFiles/cmTC_49dd8.dir/CheckSymbolExists.c.o] Error 1
gmake[1]: Leaving directory `/home/gitfork/grpc/build/CMakeFiles/CMakeTmp'
gmake: *** [cmTC_49dd8/fast] Error 2


File /home/gitfork/grpc/build/CMakeFiles/CMakeTmp/CheckSymbolExists.c:
/* */
#include <stdbool.h>
#include <sys/types.h>
#include <arpa/inet.h>
#include <arpa/nameser.h>
#include <netdb.h>
#include <net/if.h>
#include <netinet/in.h>
#include <netinet/tcp.h>
#include <signal.h>
#include <stdlib.h>
#include <string.h>
#include <strings.h>
#include <sys/ioctl.h>
#include <sys/select.h>
#include <sys/socket.h>
#include <sys/time.h>
#include <sys/uio.h>
#include <time.h>
#include <fcntl.h>
#include <unistd.h>

int main(int argc, char** argv)
{
  (void)argv;
#ifndef bitncmp
  return ((int*)(&bitncmp))[argc];
#else
  (void)argc;
  return 0;
#endif
}

Determining if the closesocket exist failed with the following output:
Change Dir: /home/gitfork/grpc/build/CMakeFiles/CMakeTmp

Run Build Command(s):/usr/bin/gmake cmTC_01797/fast && /usr/bin/gmake -f CMakeFiles/cmTC_01797.dir/build.make CMakeFiles/cmTC_01797.dir/build
gmake[1]: Entering directory `/home/gitfork/grpc/build/CMakeFiles/CMakeTmp'
Building C object CMakeFiles/cmTC_01797.dir/CheckSymbolExists.c.o
/usr/bin/cc -D_GNU_SOURCE -D_POSIX_C_SOURCE=199309L -D_XOPEN_SOURCE=600  -fPIE   -o CMakeFiles/cmTC_01797.dir/CheckSymbolExists.c.o   -c /home/gitfork/grpc/build/CMakeFiles/CMakeTmp/CheckSymbolExists.c
/home/gitfork/grpc/build/CMakeFiles/CMakeTmp/CheckSymbolExists.c: In function ‘main’:
/home/gitfork/grpc/build/CMakeFiles/CMakeTmp/CheckSymbolExists.c:27:19: error: ‘closesocket’ undeclared (first use in this function)
   return ((int*)(&closesocket))[argc];
                   ^
/home/gitfork/grpc/build/CMakeFiles/CMakeTmp/CheckSymbolExists.c:27:19: note: each undeclared identifier is reported only once for each function it appears in
gmake[1]: *** [CMakeFiles/cmTC_01797.dir/CheckSymbolExists.c.o] Error 1
gmake[1]: Leaving directory `/home/gitfork/grpc/build/CMakeFiles/CMakeTmp'
gmake: *** [cmTC_01797/fast] Error 2


File /home/gitfork/grpc/build/CMakeFiles/CMakeTmp/CheckSymbolExists.c:
/* */
#include <stdbool.h>
#include <sys/types.h>
#include <arpa/inet.h>
#include <arpa/nameser.h>
#include <netdb.h>
#include <net/if.h>
#include <netinet/in.h>
#include <netinet/tcp.h>
#include <signal.h>
#include <stdlib.h>
#include <string.h>
#include <strings.h>
#include <sys/ioctl.h>
#include <sys/select.h>
#include <sys/socket.h>
#include <sys/time.h>
#include <sys/uio.h>
#include <time.h>
#include <fcntl.h>
#include <unistd.h>

int main(int argc, char** argv)
{
  (void)argv;
#ifndef closesocket
  return ((int*)(&closesocket))[argc];
#else
  (void)argc;
  return 0;
#endif
}

Determining if the CloseSocket exist failed with the following output:
Change Dir: /home/gitfork/grpc/build/CMakeFiles/CMakeTmp

Run Build Command(s):/usr/bin/gmake cmTC_6bfa7/fast && /usr/bin/gmake -f CMakeFiles/cmTC_6bfa7.dir/build.make CMakeFiles/cmTC_6bfa7.dir/build
gmake[1]: Entering directory `/home/gitfork/grpc/build/CMakeFiles/CMakeTmp'
Building C object CMakeFiles/cmTC_6bfa7.dir/CheckSymbolExists.c.o
/usr/bin/cc -D_GNU_SOURCE -D_POSIX_C_SOURCE=199309L -D_XOPEN_SOURCE=600  -fPIE   -o CMakeFiles/cmTC_6bfa7.dir/CheckSymbolExists.c.o   -c /home/gitfork/grpc/build/CMakeFiles/CMakeTmp/CheckSymbolExists.c
/home/gitfork/grpc/build/CMakeFiles/CMakeTmp/CheckSymbolExists.c: In function ‘main’:
/home/gitfork/grpc/build/CMakeFiles/CMakeTmp/CheckSymbolExists.c:27:19: error: ‘CloseSocket’ undeclared (first use in this function)
   return ((int*)(&CloseSocket))[argc];
                   ^
/home/gitfork/grpc/build/CMakeFiles/CMakeTmp/CheckSymbolExists.c:27:19: note: each undeclared identifier is reported only once for each function it appears in
gmake[1]: *** [CMakeFiles/cmTC_6bfa7.dir/CheckSymbolExists.c.o] Error 1
gmake[1]: Leaving directory `/home/gitfork/grpc/build/CMakeFiles/CMakeTmp'
gmake: *** [cmTC_6bfa7/fast] Error 2


File /home/gitfork/grpc/build/CMakeFiles/CMakeTmp/CheckSymbolExists.c:
/* */
#include <stdbool.h>
#include <sys/types.h>
#include <arpa/inet.h>
#include <arpa/nameser.h>
#include <netdb.h>
#include <net/if.h>
#include <netinet/in.h>
#include <netinet/tcp.h>
#include <signal.h>
#include <stdlib.h>
#include <string.h>
#include <strings.h>
#include <sys/ioctl.h>
#include <sys/select.h>
#include <sys/socket.h>
#include <sys/time.h>
#include <sys/uio.h>
#include <time.h>
#include <fcntl.h>
#include <unistd.h>

int main(int argc, char** argv)
{
  (void)argv;
#ifndef CloseSocket
  return ((int*)(&CloseSocket))[argc];
#else
  (void)argc;
  return 0;
#endif
}

Determining if the inet_net_pton exist failed with the following output:
Change Dir: /home/gitfork/grpc/build/CMakeFiles/CMakeTmp

Run Build Command(s):/usr/bin/gmake cmTC_35642/fast && /usr/bin/gmake -f CMakeFiles/cmTC_35642.dir/build.make CMakeFiles/cmTC_35642.dir/build
gmake[1]: Entering directory `/home/gitfork/grpc/build/CMakeFiles/CMakeTmp'
Building C object CMakeFiles/cmTC_35642.dir/CheckSymbolExists.c.o
/usr/bin/cc -D_GNU_SOURCE -D_POSIX_C_SOURCE=199309L -D_XOPEN_SOURCE=600  -fPIE   -o CMakeFiles/cmTC_35642.dir/CheckSymbolExists.c.o   -c /home/gitfork/grpc/build/CMakeFiles/CMakeTmp/CheckSymbolExists.c
Linking C executable cmTC_35642
/usr/local/cmake3_15/bin/cmake -E cmake_link_script CMakeFiles/cmTC_35642.dir/link.txt --verbose=1
/usr/bin/cc       -rdynamic CMakeFiles/cmTC_35642.dir/CheckSymbolExists.c.o  -o cmTC_35642 -lnsl -lrt 
CMakeFiles/cmTC_35642.dir/CheckSymbolExists.c.o: In function `main':
CheckSymbolExists.c:(.text+0x1b): undefined reference to `inet_net_pton'
collect2: error: ld returned 1 exit status
gmake[1]: *** [cmTC_35642] Error 1
gmake[1]: Leaving directory `/home/gitfork/grpc/build/CMakeFiles/CMakeTmp'
gmake: *** [cmTC_35642/fast] Error 2


File /home/gitfork/grpc/build/CMakeFiles/CMakeTmp/CheckSymbolExists.c:
/* */
#include <stdbool.h>
#include <sys/types.h>
#include <arpa/inet.h>
#include <arpa/nameser.h>
#include <netdb.h>
#include <net/if.h>
#include <netinet/in.h>
#include <netinet/tcp.h>
#include <signal.h>
#include <stdlib.h>
#include <string.h>
#include <strings.h>
#include <sys/ioctl.h>
#include <sys/select.h>
#include <sys/socket.h>
#include <sys/time.h>
#include <sys/uio.h>
#include <time.h>
#include <fcntl.h>
#include <unistd.h>

int main(int argc, char** argv)
{
  (void)argv;
#ifndef inet_net_pton
  return ((int*)(&inet_net_pton))[argc];
#else
  (void)argc;
  return 0;
#endif
}

Determining if the ioctlsocket exist failed with the following output:
Change Dir: /home/gitfork/grpc/build/CMakeFiles/CMakeTmp

Run Build Command(s):/usr/bin/gmake cmTC_5bfd3/fast && /usr/bin/gmake -f CMakeFiles/cmTC_5bfd3.dir/build.make CMakeFiles/cmTC_5bfd3.dir/build
gmake[1]: Entering directory `/home/gitfork/grpc/build/CMakeFiles/CMakeTmp'
Building C object CMakeFiles/cmTC_5bfd3.dir/CheckSymbolExists.c.o
/usr/bin/cc -D_GNU_SOURCE -D_POSIX_C_SOURCE=199309L -D_XOPEN_SOURCE=600  -fPIE   -o CMakeFiles/cmTC_5bfd3.dir/CheckSymbolExists.c.o   -c /home/gitfork/grpc/build/CMakeFiles/CMakeTmp/CheckSymbolExists.c
/home/gitfork/grpc/build/CMakeFiles/CMakeTmp/CheckSymbolExists.c: In function ‘main’:
/home/gitfork/grpc/build/CMakeFiles/CMakeTmp/CheckSymbolExists.c:27:19: error: ‘ioctlsocket’ undeclared (first use in this function)
   return ((int*)(&ioctlsocket))[argc];
                   ^
/home/gitfork/grpc/build/CMakeFiles/CMakeTmp/CheckSymbolExists.c:27:19: note: each undeclared identifier is reported only once for each function it appears in
gmake[1]: *** [CMakeFiles/cmTC_5bfd3.dir/CheckSymbolExists.c.o] Error 1
gmake[1]: Leaving directory `/home/gitfork/grpc/build/CMakeFiles/CMakeTmp'
gmake: *** [cmTC_5bfd3/fast] Error 2


File /home/gitfork/grpc/build/CMakeFiles/CMakeTmp/CheckSymbolExists.c:
/* */
#include <stdbool.h>
#include <sys/types.h>
#include <arpa/inet.h>
#include <arpa/nameser.h>
#include <netdb.h>
#include <net/if.h>
#include <netinet/in.h>
#include <netinet/tcp.h>
#include <signal.h>
#include <stdlib.h>
#include <string.h>
#include <strings.h>
#include <sys/ioctl.h>
#include <sys/select.h>
#include <sys/socket.h>
#include <sys/time.h>
#include <sys/uio.h>
#include <time.h>
#include <fcntl.h>
#include <unistd.h>

int main(int argc, char** argv)
{
  (void)argv;
#ifndef ioctlsocket
  return ((int*)(&ioctlsocket))[argc];
#else
  (void)argc;
  return 0;
#endif
}

Determining if the IoctlSocket exist failed with the following output:
Change Dir: /home/gitfork/grpc/build/CMakeFiles/CMakeTmp

Run Build Command(s):/usr/bin/gmake cmTC_3de9a/fast && /usr/bin/gmake -f CMakeFiles/cmTC_3de9a.dir/build.make CMakeFiles/cmTC_3de9a.dir/build
gmake[1]: Entering directory `/home/gitfork/grpc/build/CMakeFiles/CMakeTmp'
Building C object CMakeFiles/cmTC_3de9a.dir/CheckSymbolExists.c.o
/usr/bin/cc -D_GNU_SOURCE -D_POSIX_C_SOURCE=199309L -D_XOPEN_SOURCE=600  -fPIE   -o CMakeFiles/cmTC_3de9a.dir/CheckSymbolExists.c.o   -c /home/gitfork/grpc/build/CMakeFiles/CMakeTmp/CheckSymbolExists.c
/home/gitfork/grpc/build/CMakeFiles/CMakeTmp/CheckSymbolExists.c: In function ‘main’:
/home/gitfork/grpc/build/CMakeFiles/CMakeTmp/CheckSymbolExists.c:27:19: error: ‘IoctlSocket’ undeclared (first use in this function)
   return ((int*)(&IoctlSocket))[argc];
                   ^
/home/gitfork/grpc/build/CMakeFiles/CMakeTmp/CheckSymbolExists.c:27:19: note: each undeclared identifier is reported only once for each function it appears in
gmake[1]: *** [CMakeFiles/cmTC_3de9a.dir/CheckSymbolExists.c.o] Error 1
gmake[1]: Leaving directory `/home/gitfork/grpc/build/CMakeFiles/CMakeTmp'
gmake: *** [cmTC_3de9a/fast] Error 2


File /home/gitfork/grpc/build/CMakeFiles/CMakeTmp/CheckSymbolExists.c:
/* */
#include <stdbool.h>
#include <sys/types.h>
#include <arpa/inet.h>
#include <arpa/nameser.h>
#include <netdb.h>
#include <net/if.h>
#include <netinet/in.h>
#include <netinet/tcp.h>
#include <signal.h>
#include <stdlib.h>
#include <string.h>
#include <strings.h>
#include <sys/ioctl.h>
#include <sys/select.h>
#include <sys/socket.h>
#include <sys/time.h>
#include <sys/uio.h>
#include <time.h>
#include <fcntl.h>
#include <unistd.h>

int main(int argc, char** argv)
{
  (void)argv;
#ifndef IoctlSocket
  return ((int*)(&IoctlSocket))[argc];
#else
  (void)argc;
  return 0;
#endif
}

Determining if the strcmpi exist failed with the following output:
Change Dir: /home/gitfork/grpc/build/CMakeFiles/CMakeTmp

Run Build Command(s):/usr/bin/gmake cmTC_28a57/fast && /usr/bin/gmake -f CMakeFiles/cmTC_28a57.dir/build.make CMakeFiles/cmTC_28a57.dir/build
gmake[1]: Entering directory `/home/gitfork/grpc/build/CMakeFiles/CMakeTmp'
Building C object CMakeFiles/cmTC_28a57.dir/CheckSymbolExists.c.o
/usr/bin/cc -D_GNU_SOURCE -D_POSIX_C_SOURCE=199309L -D_XOPEN_SOURCE=600  -fPIE   -o CMakeFiles/cmTC_28a57.dir/CheckSymbolExists.c.o   -c /home/gitfork/grpc/build/CMakeFiles/CMakeTmp/CheckSymbolExists.c
/home/gitfork/grpc/build/CMakeFiles/CMakeTmp/CheckSymbolExists.c: In function ‘main’:
/home/gitfork/grpc/build/CMakeFiles/CMakeTmp/CheckSymbolExists.c:27:19: error: ‘strcmpi’ undeclared (first use in this function)
   return ((int*)(&strcmpi))[argc];
                   ^
/home/gitfork/grpc/build/CMakeFiles/CMakeTmp/CheckSymbolExists.c:27:19: note: each undeclared identifier is reported only once for each function it appears in
gmake[1]: *** [CMakeFiles/cmTC_28a57.dir/CheckSymbolExists.c.o] Error 1
gmake[1]: Leaving directory `/home/gitfork/grpc/build/CMakeFiles/CMakeTmp'
gmake: *** [cmTC_28a57/fast] Error 2


File /home/gitfork/grpc/build/CMakeFiles/CMakeTmp/CheckSymbolExists.c:
/* */
#include <stdbool.h>
#include <sys/types.h>
#include <arpa/inet.h>
#include <arpa/nameser.h>
#include <netdb.h>
#include <net/if.h>
#include <netinet/in.h>
#include <netinet/tcp.h>
#include <signal.h>
#include <stdlib.h>
#include <string.h>
#include <strings.h>
#include <sys/ioctl.h>
#include <sys/select.h>
#include <sys/socket.h>
#include <sys/time.h>
#include <sys/uio.h>
#include <time.h>
#include <fcntl.h>
#include <unistd.h>

int main(int argc, char** argv)
{
  (void)argv;
#ifndef strcmpi
  return ((int*)(&strcmpi))[argc];
#else
  (void)argc;
  return 0;
#endif
}

Determining if the stricmp exist failed with the following output:
Change Dir: /home/gitfork/grpc/build/CMakeFiles/CMakeTmp

Run Build Command(s):/usr/bin/gmake cmTC_ffc78/fast && /usr/bin/gmake -f CMakeFiles/cmTC_ffc78.dir/build.make CMakeFiles/cmTC_ffc78.dir/build
gmake[1]: Entering directory `/home/gitfork/grpc/build/CMakeFiles/CMakeTmp'
Building C object CMakeFiles/cmTC_ffc78.dir/CheckSymbolExists.c.o
/usr/bin/cc -D_GNU_SOURCE -D_POSIX_C_SOURCE=199309L -D_XOPEN_SOURCE=600  -fPIE   -o CMakeFiles/cmTC_ffc78.dir/CheckSymbolExists.c.o   -c /home/gitfork/grpc/build/CMakeFiles/CMakeTmp/CheckSymbolExists.c
/home/gitfork/grpc/build/CMakeFiles/CMakeTmp/CheckSymbolExists.c: In function ‘main’:
/home/gitfork/grpc/build/CMakeFiles/CMakeTmp/CheckSymbolExists.c:27:19: error: ‘stricmp’ undeclared (first use in this function)
   return ((int*)(&stricmp))[argc];
                   ^
/home/gitfork/grpc/build/CMakeFiles/CMakeTmp/CheckSymbolExists.c:27:19: note: each undeclared identifier is reported only once for each function it appears in
gmake[1]: *** [CMakeFiles/cmTC_ffc78.dir/CheckSymbolExists.c.o] Error 1
gmake[1]: Leaving directory `/home/gitfork/grpc/build/CMakeFiles/CMakeTmp'
gmake: *** [cmTC_ffc78/fast] Error 2


File /home/gitfork/grpc/build/CMakeFiles/CMakeTmp/CheckSymbolExists.c:
/* */
#include <stdbool.h>
#include <sys/types.h>
#include <arpa/inet.h>
#include <arpa/nameser.h>
#include <netdb.h>
#include <net/if.h>
#include <netinet/in.h>
#include <netinet/tcp.h>
#include <signal.h>
#include <stdlib.h>
#include <string.h>
#include <strings.h>
#include <sys/ioctl.h>
#include <sys/select.h>
#include <sys/socket.h>
#include <sys/time.h>
#include <sys/uio.h>
#include <time.h>
#include <fcntl.h>
#include <unistd.h>

int main(int argc, char** argv)
{
  (void)argv;
#ifndef stricmp
  return ((int*)(&stricmp))[argc];
#else
  (void)argc;
  return 0;
#endif
}

Determining if the strncmpi exist failed with the following output:
Change Dir: /home/gitfork/grpc/build/CMakeFiles/CMakeTmp

Run Build Command(s):/usr/bin/gmake cmTC_d2790/fast && /usr/bin/gmake -f CMakeFiles/cmTC_d2790.dir/build.make CMakeFiles/cmTC_d2790.dir/build
gmake[1]: Entering directory `/home/gitfork/grpc/build/CMakeFiles/CMakeTmp'
Building C object CMakeFiles/cmTC_d2790.dir/CheckSymbolExists.c.o
/usr/bin/cc -D_GNU_SOURCE -D_POSIX_C_SOURCE=199309L -D_XOPEN_SOURCE=600  -fPIE   -o CMakeFiles/cmTC_d2790.dir/CheckSymbolExists.c.o   -c /home/gitfork/grpc/build/CMakeFiles/CMakeTmp/CheckSymbolExists.c
/home/gitfork/grpc/build/CMakeFiles/CMakeTmp/CheckSymbolExists.c: In function ‘main’:
/home/gitfork/grpc/build/CMakeFiles/CMakeTmp/CheckSymbolExists.c:27:19: error: ‘strncmpi’ undeclared (first use in this function)
   return ((int*)(&strncmpi))[argc];
                   ^
/home/gitfork/grpc/build/CMakeFiles/CMakeTmp/CheckSymbolExists.c:27:19: note: each undeclared identifier is reported only once for each function it appears in
gmake[1]: *** [CMakeFiles/cmTC_d2790.dir/CheckSymbolExists.c.o] Error 1
gmake[1]: Leaving directory `/home/gitfork/grpc/build/CMakeFiles/CMakeTmp'
gmake: *** [cmTC_d2790/fast] Error 2


File /home/gitfork/grpc/build/CMakeFiles/CMakeTmp/CheckSymbolExists.c:
/* */
#include <stdbool.h>
#include <sys/types.h>
#include <arpa/inet.h>
#include <arpa/nameser.h>
#include <netdb.h>
#include <net/if.h>
#include <netinet/in.h>
#include <netinet/tcp.h>
#include <signal.h>
#include <stdlib.h>
#include <string.h>
#include <strings.h>
#include <sys/ioctl.h>
#include <sys/select.h>
#include <sys/socket.h>
#include <sys/time.h>
#include <sys/uio.h>
#include <time.h>
#include <fcntl.h>
#include <unistd.h>

int main(int argc, char** argv)
{
  (void)argv;
#ifndef strncmpi
  return ((int*)(&strncmpi))[argc];
#else
  (void)argc;
  return 0;
#endif
}

Determining if the strnicmp exist failed with the following output:
Change Dir: /home/gitfork/grpc/build/CMakeFiles/CMakeTmp

Run Build Command(s):/usr/bin/gmake cmTC_fc0b2/fast && /usr/bin/gmake -f CMakeFiles/cmTC_fc0b2.dir/build.make CMakeFiles/cmTC_fc0b2.dir/build
gmake[1]: Entering directory `/home/gitfork/grpc/build/CMakeFiles/CMakeTmp'
Building C object CMakeFiles/cmTC_fc0b2.dir/CheckSymbolExists.c.o
/usr/bin/cc -D_GNU_SOURCE -D_POSIX_C_SOURCE=199309L -D_XOPEN_SOURCE=600  -fPIE   -o CMakeFiles/cmTC_fc0b2.dir/CheckSymbolExists.c.o   -c /home/gitfork/grpc/build/CMakeFiles/CMakeTmp/CheckSymbolExists.c
/home/gitfork/grpc/build/CMakeFiles/CMakeTmp/CheckSymbolExists.c: In function ‘main’:
/home/gitfork/grpc/build/CMakeFiles/CMakeTmp/CheckSymbolExists.c:27:19: error: ‘strnicmp’ undeclared (first use in this function)
   return ((int*)(&strnicmp))[argc];
                   ^
/home/gitfork/grpc/build/CMakeFiles/CMakeTmp/CheckSymbolExists.c:27:19: note: each undeclared identifier is reported only once for each function it appears in
gmake[1]: *** [CMakeFiles/cmTC_fc0b2.dir/CheckSymbolExists.c.o] Error 1
gmake[1]: Leaving directory `/home/gitfork/grpc/build/CMakeFiles/CMakeTmp'
gmake: *** [cmTC_fc0b2/fast] Error 2


File /home/gitfork/grpc/build/CMakeFiles/CMakeTmp/CheckSymbolExists.c:
/* */
#include <stdbool.h>
#include <sys/types.h>
#include <arpa/inet.h>
#include <arpa/nameser.h>
#include <netdb.h>
#include <net/if.h>
#include <netinet/in.h>
#include <netinet/tcp.h>
#include <signal.h>
#include <stdlib.h>
#include <string.h>
#include <strings.h>
#include <sys/ioctl.h>
#include <sys/select.h>
#include <sys/socket.h>
#include <sys/time.h>
#include <sys/uio.h>
#include <time.h>
#include <fcntl.h>
#include <unistd.h>

int main(int argc, char** argv)
{
  (void)argv;
#ifndef strnicmp
  return ((int*)(&strnicmp))[argc];
#else
  (void)argc;
  return 0;
#endif
}

Determining if the function __system_property_get exists failed with the following output:
Change Dir: /home/gitfork/grpc/build/CMakeFiles/CMakeTmp

Run Build Command(s):/usr/bin/gmake cmTC_9b2b0/fast && /usr/bin/gmake -f CMakeFiles/cmTC_9b2b0.dir/build.make CMakeFiles/cmTC_9b2b0.dir/build
gmake[1]: Entering directory `/home/gitfork/grpc/build/CMakeFiles/CMakeTmp'
Building C object CMakeFiles/cmTC_9b2b0.dir/CheckFunctionExists.c.o
/usr/bin/cc -D_GNU_SOURCE -D_POSIX_C_SOURCE=199309L -D_XOPEN_SOURCE=600  -DCHECK_FUNCTION_EXISTS=__system_property_get -fPIE   -o CMakeFiles/cmTC_9b2b0.dir/CheckFunctionExists.c.o   -c /usr/local/cmake3_15/share/cmake-3.15/Modules/CheckFunctionExists.c
Linking C executable cmTC_9b2b0
/usr/local/cmake3_15/bin/cmake -E cmake_link_script CMakeFiles/cmTC_9b2b0.dir/link.txt --verbose=1
/usr/bin/cc   -DCHECK_FUNCTION_EXISTS=__system_property_get    -rdynamic CMakeFiles/cmTC_9b2b0.dir/CheckFunctionExists.c.o  -o cmTC_9b2b0 -lnsl -lrt 
CMakeFiles/cmTC_9b2b0.dir/CheckFunctionExists.c.o: In function `main':
CheckFunctionExists.c:(.text+0x10): undefined reference to `__system_property_get'
collect2: error: ld returned 1 exit status
gmake[1]: *** [cmTC_9b2b0] Error 1
gmake[1]: Leaving directory `/home/gitfork/grpc/build/CMakeFiles/CMakeTmp'
gmake: *** [cmTC_9b2b0/fast] Error 2



